[2021-12-25 20:39:08,491][datasets.builder][WARNING] - Using custom data configuration default-3189d70b73166a5d
[2021-12-25 20:39:08,493][datasets.builder][WARNING] - Reusing dataset json (/home/ywz/.cache/huggingface/datasets/json/default-3189d70b73166a5d/0.0.0/c2d554c3377ea79c7664b93dc65d0803b45e3279000f993c7bfd18937fd7f426)
[2021-12-25 20:39:08,508][datasets.arrow_dataset][WARNING] - Loading cached processed dataset at /home/ywz/.cache/huggingface/datasets/json/default-3189d70b73166a5d/0.0.0/c2d554c3377ea79c7664b93dc65d0803b45e3279000f993c7bfd18937fd7f426/cache-beb0f16f70eb0b70.arrow
[2021-12-25 20:39:08,518][datasets.arrow_dataset][WARNING] - Loading cached processed dataset at /home/ywz/.cache/huggingface/datasets/json/default-3189d70b73166a5d/0.0.0/c2d554c3377ea79c7664b93dc65d0803b45e3279000f993c7bfd18937fd7f426/cache-c9bdff035b753e05.arrow
[2021-12-25 20:39:08,526][datasets.arrow_dataset][WARNING] - Loading cached processed dataset at /home/ywz/.cache/huggingface/datasets/json/default-3189d70b73166a5d/0.0.0/c2d554c3377ea79c7664b93dc65d0803b45e3279000f993c7bfd18937fd7f426/cache-5854ebf466f8cc05.arrow
[2021-12-25 20:39:08,536][datasets.arrow_dataset][WARNING] - Loading cached processed dataset at /home/ywz/.cache/huggingface/datasets/json/default-3189d70b73166a5d/0.0.0/c2d554c3377ea79c7664b93dc65d0803b45e3279000f993c7bfd18937fd7f426/cache-40cf3df2049a73ff.arrow
[2021-12-25 20:39:08,550][datasets.arrow_dataset][WARNING] - Loading cached processed dataset at /home/ywz/.cache/huggingface/datasets/json/default-3189d70b73166a5d/0.0.0/c2d554c3377ea79c7664b93dc65d0803b45e3279000f993c7bfd18937fd7f426/cache-adb4da8e6aea5ef0.arrow
[2021-12-25 20:39:08,557][datasets.arrow_dataset][WARNING] - Loading cached processed dataset at /home/ywz/.cache/huggingface/datasets/json/default-3189d70b73166a5d/0.0.0/c2d554c3377ea79c7664b93dc65d0803b45e3279000f993c7bfd18937fd7f426/cache-d9da75e5eb1b8c2f.arrow
[2021-12-25 20:39:08,568][datasets.arrow_dataset][WARNING] - Loading cached processed dataset at /home/ywz/.cache/huggingface/datasets/json/default-3189d70b73166a5d/0.0.0/c2d554c3377ea79c7664b93dc65d0803b45e3279000f993c7bfd18937fd7f426/cache-1adc93a8a4b65e34.arrow
[2021-12-25 20:39:17,367][torch.distributed.distributed_c10d][INFO] - Added key: store_based_barrier_key:1 to store for rank: 3
[2021-12-25 20:39:19,468][torch.distributed.distributed_c10d][INFO] - Rank 3: Completed store-based barrier for 4 nodes.
[2021-12-25 22:21:49,162][datasets.builder][WARNING] - Using custom data configuration default-3189d70b73166a5d
[2021-12-25 22:21:49,169][datasets.builder][WARNING] - Reusing dataset json (/home/ywz/.cache/huggingface/datasets/json/default-3189d70b73166a5d/0.0.0/c2d554c3377ea79c7664b93dc65d0803b45e3279000f993c7bfd18937fd7f426)
[2021-12-25 22:21:49,190][datasets.arrow_dataset][WARNING] - Loading cached processed dataset at /home/ywz/.cache/huggingface/datasets/json/default-3189d70b73166a5d/0.0.0/c2d554c3377ea79c7664b93dc65d0803b45e3279000f993c7bfd18937fd7f426/cache-beb0f16f70eb0b70.arrow
[2021-12-25 22:21:49,200][datasets.arrow_dataset][WARNING] - Loading cached processed dataset at /home/ywz/.cache/huggingface/datasets/json/default-3189d70b73166a5d/0.0.0/c2d554c3377ea79c7664b93dc65d0803b45e3279000f993c7bfd18937fd7f426/cache-c9bdff035b753e05.arrow
[2021-12-25 22:21:49,208][datasets.arrow_dataset][WARNING] - Loading cached processed dataset at /home/ywz/.cache/huggingface/datasets/json/default-3189d70b73166a5d/0.0.0/c2d554c3377ea79c7664b93dc65d0803b45e3279000f993c7bfd18937fd7f426/cache-5854ebf466f8cc05.arrow
[2021-12-25 22:21:49,219][datasets.arrow_dataset][WARNING] - Loading cached processed dataset at /home/ywz/.cache/huggingface/datasets/json/default-3189d70b73166a5d/0.0.0/c2d554c3377ea79c7664b93dc65d0803b45e3279000f993c7bfd18937fd7f426/cache-40cf3df2049a73ff.arrow
[2021-12-25 22:21:49,232][datasets.arrow_dataset][WARNING] - Loading cached processed dataset at /home/ywz/.cache/huggingface/datasets/json/default-3189d70b73166a5d/0.0.0/c2d554c3377ea79c7664b93dc65d0803b45e3279000f993c7bfd18937fd7f426/cache-adb4da8e6aea5ef0.arrow
[2021-12-25 22:21:49,243][datasets.arrow_dataset][WARNING] - Loading cached processed dataset at /home/ywz/.cache/huggingface/datasets/json/default-3189d70b73166a5d/0.0.0/c2d554c3377ea79c7664b93dc65d0803b45e3279000f993c7bfd18937fd7f426/cache-d9da75e5eb1b8c2f.arrow
[2021-12-25 22:21:49,263][datasets.arrow_dataset][WARNING] - Loading cached processed dataset at /home/ywz/.cache/huggingface/datasets/json/default-3189d70b73166a5d/0.0.0/c2d554c3377ea79c7664b93dc65d0803b45e3279000f993c7bfd18937fd7f426/cache-1adc93a8a4b65e34.arrow
[2021-12-25 22:21:49,268][datasets.arrow_dataset][WARNING] - Loading cached processed dataset at /home/ywz/.cache/huggingface/datasets/json/default-3189d70b73166a5d/0.0.0/c2d554c3377ea79c7664b93dc65d0803b45e3279000f993c7bfd18937fd7f426/cache-bf47be8feb871d88.arrow
[2021-12-25 22:21:49,279][datasets.arrow_dataset][WARNING] - Loading cached processed dataset at /home/ywz/.cache/huggingface/datasets/json/default-3189d70b73166a5d/0.0.0/c2d554c3377ea79c7664b93dc65d0803b45e3279000f993c7bfd18937fd7f426/cache-856b72e2925c8611.arrow
