[2021-12-08 01:18:28,318][datasets.builder][WARNING] - Using custom data configuration default-819cb4acac612ecd
[2021-12-08 01:18:28,319][datasets.builder][WARNING] - Reusing dataset json (/home/ywz/.cache/huggingface/datasets/json/default-819cb4acac612ecd/0.0.0/c2d554c3377ea79c7664b93dc65d0803b45e3279000f993c7bfd18937fd7f426)
[2021-12-08 01:18:28,331][datasets.arrow_dataset][WARNING] - Loading cached processed dataset at /home/ywz/.cache/huggingface/datasets/json/default-819cb4acac612ecd/0.0.0/c2d554c3377ea79c7664b93dc65d0803b45e3279000f993c7bfd18937fd7f426/cache-6ade6fadbe42db1e.arrow
[2021-12-08 01:18:30,089][datasets.arrow_dataset][WARNING] - Loading cached processed dataset at /home/ywz/.cache/huggingface/datasets/json/default-819cb4acac612ecd/0.0.0/c2d554c3377ea79c7664b93dc65d0803b45e3279000f993c7bfd18937fd7f426/cache-8eb8784c8a3ff13e.arrow
[2021-12-08 01:18:30,095][datasets.arrow_dataset][WARNING] - Loading cached processed dataset at /home/ywz/.cache/huggingface/datasets/json/default-819cb4acac612ecd/0.0.0/c2d554c3377ea79c7664b93dc65d0803b45e3279000f993c7bfd18937fd7f426/cache-cdcab311f5a6d3cc.arrow
[2021-12-08 01:18:30,099][datasets.arrow_dataset][WARNING] - Loading cached processed dataset at /home/ywz/.cache/huggingface/datasets/json/default-819cb4acac612ecd/0.0.0/c2d554c3377ea79c7664b93dc65d0803b45e3279000f993c7bfd18937fd7f426/cache-7c8a4a6e88962d54.arrow
[2021-12-08 01:18:30,110][datasets.arrow_dataset][WARNING] - Loading cached processed dataset at /home/ywz/.cache/huggingface/datasets/json/default-819cb4acac612ecd/0.0.0/c2d554c3377ea79c7664b93dc65d0803b45e3279000f993c7bfd18937fd7f426/cache-57a756f149a521c2.arrow
[2021-12-08 01:18:34,185][datasets.arrow_dataset][WARNING] - Loading cached processed dataset at /home/ywz/.cache/huggingface/datasets/json/default-819cb4acac612ecd/0.0.0/c2d554c3377ea79c7664b93dc65d0803b45e3279000f993c7bfd18937fd7f426/cache-5fde7858387353ba.arrow
[2021-12-08 01:18:34,188][datasets.arrow_dataset][WARNING] - Loading cached processed dataset at /home/ywz/.cache/huggingface/datasets/json/default-819cb4acac612ecd/0.0.0/c2d554c3377ea79c7664b93dc65d0803b45e3279000f993c7bfd18937fd7f426/cache-3ceabb25cf2433c0.arrow
[2021-12-08 01:18:34,198][datasets.arrow_dataset][WARNING] - Loading cached processed dataset at /home/ywz/.cache/huggingface/datasets/json/default-819cb4acac612ecd/0.0.0/c2d554c3377ea79c7664b93dc65d0803b45e3279000f993c7bfd18937fd7f426/cache-2592f529fcc1d607.arrow
[2021-12-08 01:18:38,752][torch.distributed.distributed_c10d][INFO] - Added key: store_based_barrier_key:1 to store for rank: 1
[2021-12-08 01:18:38,763][torch.distributed.distributed_c10d][INFO] - Rank 1: Completed store-based barrier for 2 nodes.
[2021-12-08 06:27:38,214][datasets.builder][WARNING] - Using custom data configuration default-819cb4acac612ecd
[2021-12-08 06:27:38,224][datasets.builder][WARNING] - Reusing dataset json (/home/ywz/.cache/huggingface/datasets/json/default-819cb4acac612ecd/0.0.0/c2d554c3377ea79c7664b93dc65d0803b45e3279000f993c7bfd18937fd7f426)
[2021-12-08 06:27:46,669][datasets.arrow_dataset][WARNING] - Loading cached processed dataset at /home/ywz/.cache/huggingface/datasets/json/default-819cb4acac612ecd/0.0.0/c2d554c3377ea79c7664b93dc65d0803b45e3279000f993c7bfd18937fd7f426/cache-17eb1450396c9e4d.arrow
[2021-12-08 06:27:46,683][datasets.arrow_dataset][WARNING] - Loading cached processed dataset at /home/ywz/.cache/huggingface/datasets/json/default-819cb4acac612ecd/0.0.0/c2d554c3377ea79c7664b93dc65d0803b45e3279000f993c7bfd18937fd7f426/cache-8eb8784c8a3ff13e.arrow
[2021-12-08 06:28:16,902][datasets.arrow_dataset][WARNING] - Loading cached processed dataset at /home/ywz/.cache/huggingface/datasets/json/default-819cb4acac612ecd/0.0.0/c2d554c3377ea79c7664b93dc65d0803b45e3279000f993c7bfd18937fd7f426/cache-dd73ec8935338f9b.arrow
[2021-12-08 06:28:16,907][datasets.arrow_dataset][WARNING] - Loading cached processed dataset at /home/ywz/.cache/huggingface/datasets/json/default-819cb4acac612ecd/0.0.0/c2d554c3377ea79c7664b93dc65d0803b45e3279000f993c7bfd18937fd7f426/cache-32a70b094b79b393.arrow
[2021-12-08 06:28:16,924][datasets.arrow_dataset][WARNING] - Loading cached processed dataset at /home/ywz/.cache/huggingface/datasets/json/default-819cb4acac612ecd/0.0.0/c2d554c3377ea79c7664b93dc65d0803b45e3279000f993c7bfd18937fd7f426/cache-b470986bf65e8471.arrow
[2021-12-08 06:28:16,931][datasets.arrow_dataset][WARNING] - Loading cached processed dataset at /home/ywz/.cache/huggingface/datasets/json/default-819cb4acac612ecd/0.0.0/c2d554c3377ea79c7664b93dc65d0803b45e3279000f993c7bfd18937fd7f426/cache-5fde7858387353ba.arrow
[2021-12-08 06:28:16,936][datasets.arrow_dataset][WARNING] - Loading cached processed dataset at /home/ywz/.cache/huggingface/datasets/json/default-819cb4acac612ecd/0.0.0/c2d554c3377ea79c7664b93dc65d0803b45e3279000f993c7bfd18937fd7f426/cache-3ceabb25cf2433c0.arrow
[2021-12-08 06:28:16,953][datasets.arrow_dataset][WARNING] - Loading cached processed dataset at /home/ywz/.cache/huggingface/datasets/json/default-819cb4acac612ecd/0.0.0/c2d554c3377ea79c7664b93dc65d0803b45e3279000f993c7bfd18937fd7f426/cache-2592f529fcc1d607.arrow
